  Calculator.cpp
  Structure.cpp
  Token.cpp
C:\Users\profs\Desktop\Proganie\С++\DAFE_CPP_013\Lebed_Vladislav\Calculator\Calculator\Variable.h(3,18): error C2065: string: необъявленный идентификатор
C:\Users\profs\Desktop\Proganie\С++\DAFE_CPP_013\Lebed_Vladislav\Calculator\Calculator\Variable.h(3,25): error C2146: синтаксическая ошибка: отсутствие ")" перед идентификатором "s"
C:\Users\profs\Desktop\Proganie\С++\DAFE_CPP_013\Lebed_Vladislav\Calculator\Calculator\Variable.h(4,18): error C2065: string: необъявленный идентификатор
C:\Users\profs\Desktop\Proganie\С++\DAFE_CPP_013\Lebed_Vladislav\Calculator\Calculator\Variable.h(4,25): error C2146: синтаксическая ошибка: отсутствие ")" перед идентификатором "s"
C:\Users\profs\Desktop\Proganie\С++\DAFE_CPP_013\Lebed_Vladislav\Calculator\Calculator\Variable.h(5,20): error C2065: string: необъявленный идентификатор
C:\Users\profs\Desktop\Proganie\С++\DAFE_CPP_013\Lebed_Vladislav\Calculator\Calculator\Variable.h(5,27): error C2146: синтаксическая ошибка: отсутствие ")" перед идентификатором "var"
C:\Users\profs\Desktop\Proganie\С++\DAFE_CPP_013\Lebed_Vladislav\Calculator\Calculator\Variable.h(9,16): error C3646: name: неизвестный спецификатор переопределения
C:\Users\profs\Desktop\Proganie\С++\DAFE_CPP_013\Lebed_Vladislav\Calculator\Calculator\Variable.h(9,16): error C4430: отсутствует спецификатор типа - предполагается int. Примечание. C++ не поддерживает int по умолчанию
C:\Users\profs\Desktop\Proganie\С++\DAFE_CPP_013\Lebed_Vladislav\Calculator\Calculator\Variable.h(12,13): error C2061: синтаксическая ошибка: идентификатор "string"
C:\Users\profs\Desktop\Proganie\С++\DAFE_CPP_013\Lebed_Vladislav\Calculator\Calculator\Variable.h(13,17): error C2065: n: необъявленный идентификатор
C:\Users\profs\Desktop\Proganie\С++\DAFE_CPP_013\Lebed_Vladislav\Calculator\Calculator\Variable.h(13,29): error C2065: v: необъявленный идентификатор
C:\Users\profs\Desktop\Proganie\С++\DAFE_CPP_013\Lebed_Vladislav\Calculator\Calculator\Variable.h(13,11): error C2614: Variable: недопустимая инициализация члена: "name" не является базовым классом или членом
C:\Users\profs\Desktop\Proganie\С++\DAFE_CPP_013\Lebed_Vladislav\Calculator\Calculator\Token.h(11,16): error C3646: name: неизвестный спецификатор переопределения
C:\Users\profs\Desktop\Proganie\С++\DAFE_CPP_013\Lebed_Vladislav\Calculator\Calculator\Token.h(11,16): error C4430: отсутствует спецификатор типа - предполагается int. Примечание. C++ не поддерживает int по умолчанию
C:\Users\profs\Desktop\Proganie\С++\DAFE_CPP_013\Lebed_Vladislav\Calculator\Calculator\Token.h(21,10): error C2061: синтаксическая ошибка: идентификатор "string"
C:\Users\profs\Desktop\Proganie\С++\DAFE_CPP_013\Lebed_Vladislav\Calculator\Calculator\Token.h(21,10): error C2535: Token::Token(char): функция-член уже определена или объявлена
C:\Users\profs\Desktop\Proganie\С++\DAFE_CPP_013\Lebed_Vladislav\Calculator\Calculator\Token.h(13): message : см. объявление "Token::Token"
C:\Users\profs\Desktop\Proganie\С++\DAFE_CPP_013\Lebed_Vladislav\Calculator\Calculator\Token.h(22,29): error C2065: n: необъявленный идентификатор
C:\Users\profs\Desktop\Proganie\С++\DAFE_CPP_013\Lebed_Vladislav\Calculator\Calculator\Token.h(22,23): error C2614: Token: недопустимая инициализация члена: "name" не является базовым классом или членом
  Variable.cpp
C:\Users\profs\Desktop\Proganie\С++\DAFE_CPP_013\Lebed_Vladislav\Calculator\Calculator\Variable.h(3,18): error C2065: string: необъявленный идентификатор
C:\Users\profs\Desktop\Proganie\С++\DAFE_CPP_013\Lebed_Vladislav\Calculator\Calculator\Variable.h(3,25): error C2146: синтаксическая ошибка: отсутствие ")" перед идентификатором "s"
C:\Users\profs\Desktop\Proganie\С++\DAFE_CPP_013\Lebed_Vladislav\Calculator\Calculator\Variable.h(4,18): error C2065: string: необъявленный идентификатор
C:\Users\profs\Desktop\Proganie\С++\DAFE_CPP_013\Lebed_Vladislav\Calculator\Calculator\Variable.h(4,25): error C2146: синтаксическая ошибка: отсутствие ")" перед идентификатором "s"
C:\Users\profs\Desktop\Proganie\С++\DAFE_CPP_013\Lebed_Vladislav\Calculator\Calculator\Variable.h(5,20): error C2065: string: необъявленный идентификатор
C:\Users\profs\Desktop\Proganie\С++\DAFE_CPP_013\Lebed_Vladislav\Calculator\Calculator\Variable.h(5,27): error C2146: синтаксическая ошибка: отсутствие ")" перед идентификатором "var"
C:\Users\profs\Desktop\Proganie\С++\DAFE_CPP_013\Lebed_Vladislav\Calculator\Calculator\Variable.h(9,16): error C3646: name: неизвестный спецификатор переопределения
C:\Users\profs\Desktop\Proganie\С++\DAFE_CPP_013\Lebed_Vladislav\Calculator\Calculator\Variable.h(9,16): error C4430: отсутствует спецификатор типа - предполагается int. Примечание. C++ не поддерживает int по умолчанию
C:\Users\profs\Desktop\Proganie\С++\DAFE_CPP_013\Lebed_Vladislav\Calculator\Calculator\Variable.h(12,13): error C2061: синтаксическая ошибка: идентификатор "string"
C:\Users\profs\Desktop\Proganie\С++\DAFE_CPP_013\Lebed_Vladislav\Calculator\Calculator\Variable.h(13,17): error C2065: n: необъявленный идентификатор
C:\Users\profs\Desktop\Proganie\С++\DAFE_CPP_013\Lebed_Vladislav\Calculator\Calculator\Variable.h(13,29): error C2065: v: необъявленный идентификатор
C:\Users\profs\Desktop\Proganie\С++\DAFE_CPP_013\Lebed_Vladislav\Calculator\Calculator\Variable.h(13,11): error C2614: Variable: недопустимая инициализация члена: "name" не является базовым классом или членом
C:\Users\profs\Desktop\Proganie\С++\DAFE_CPP_013\Lebed_Vladislav\Calculator\Calculator\Variable.cpp(10,9): error C3861: is_declared: идентификатор не найден
C:\Users\profs\Desktop\Proganie\С++\DAFE_CPP_013\Lebed_Vladislav\Calculator\Calculator\Variable.cpp(13,44): error C2440: <function-style-cast>: невозможно преобразовать "initializer list" в "Variable"
C:\Users\profs\Desktop\Proganie\С++\DAFE_CPP_013\Lebed_Vladislav\Calculator\Calculator\Variable.cpp(13,44): message : Ни один конструктор не смог принять исходный тип, либо разрешение перегрузки конструктора неоднозначно
C:\Users\profs\Desktop\Proganie\С++\DAFE_CPP_013\Lebed_Vladislav\Calculator\Calculator\Variable.cpp(22,26): error C2039: "name": не является членом "Variable".
C:\Users\profs\Desktop\Proganie\С++\DAFE_CPP_013\Lebed_Vladislav\Calculator\Calculator\Variable.h(7): message : см. объявление "Variable"
C:\Users\profs\Desktop\Proganie\С++\DAFE_CPP_013\Lebed_Vladislav\Calculator\Calculator\Variable.cpp(34,26): error C2039: "name": не является членом "Variable".
C:\Users\profs\Desktop\Proganie\С++\DAFE_CPP_013\Lebed_Vladislav\Calculator\Calculator\Variable.h(7): message : см. объявление "Variable"
C:\Users\profs\Desktop\Proganie\С++\DAFE_CPP_013\Lebed_Vladislav\Calculator\Calculator\Variable.cpp(46,26): error C2039: "name": не является членом "Variable".
C:\Users\profs\Desktop\Proganie\С++\DAFE_CPP_013\Lebed_Vladislav\Calculator\Calculator\Variable.h(7): message : см. объявление "Variable"
  Создание кода...
